TN:
SF:src\Config\cloudinary.js
FNF:0
FNH:0
DA:3,1
LF:1
LH:1
BRF:0
BRH:0
end_of_record
TN:
SF:src\Controllers\SalesService\sales.controller.js
FN:8,toMySQLDateTime
FN:10,(anonymous_1)
FN:15,parseNumber
FN:31,(anonymous_3)
FN:35,(anonymous_4)
FN:109,(anonymous_5)
FN:142,(anonymous_6)
FN:153,(anonymous_7)
FN:206,(anonymous_8)
FN:245,(anonymous_9)
FN:325,(anonymous_10)
FN:393,(anonymous_11)
FN:428,(anonymous_12)
FN:453,(anonymous_13)
FN:492,(anonymous_14)
FN:530,(anonymous_15)
FN:633,(anonymous_16)
FN:749,(anonymous_17)
FN:1243,(anonymous_18)
FN:1611,(anonymous_19)
FN:1708,(anonymous_20)
FN:1778,(anonymous_21)
FN:1796,(anonymous_22)
FN:1883,(anonymous_23)
FN:1949,(anonymous_24)
FN:1987,(anonymous_25)
FN:2019,(anonymous_26)
FN:2039,(anonymous_27)
FN:2058,(anonymous_28)
FN:2077,(anonymous_29)
FN:2096,(anonymous_30)
FN:2119,(anonymous_31)
FN:2158,(anonymous_32)
FN:2185,(anonymous_33)
FN:2201,(anonymous_34)
FN:2234,(anonymous_35)
FN:2274,(anonymous_36)
FN:2300,(anonymous_37)
FN:2444,(anonymous_38)
FN:2586,(anonymous_39)
FN:2667,(anonymous_40)
FN:2710,(anonymous_41)
FN:2877,(anonymous_42)
FN:3050,(anonymous_43)
FNF:44
FNH:2
FNDA:0,toMySQLDateTime
FNDA:0,(anonymous_1)
FNDA:13,parseNumber
FNDA:0,(anonymous_3)
FNDA:0,(anonymous_4)
FNDA:0,(anonymous_5)
FNDA:0,(anonymous_6)
FNDA:0,(anonymous_7)
FNDA:0,(anonymous_8)
FNDA:0,(anonymous_9)
FNDA:0,(anonymous_10)
FNDA:0,(anonymous_11)
FNDA:0,(anonymous_12)
FNDA:0,(anonymous_13)
FNDA:0,(anonymous_14)
FNDA:9,(anonymous_15)
FNDA:0,(anonymous_16)
FNDA:0,(anonymous_17)
FNDA:0,(anonymous_18)
FNDA:0,(anonymous_19)
FNDA:0,(anonymous_20)
FNDA:0,(anonymous_21)
FNDA:0,(anonymous_22)
FNDA:0,(anonymous_23)
FNDA:0,(anonymous_24)
FNDA:0,(anonymous_25)
FNDA:0,(anonymous_26)
FNDA:0,(anonymous_27)
FNDA:0,(anonymous_28)
FNDA:0,(anonymous_29)
FNDA:0,(anonymous_30)
FNDA:0,(anonymous_31)
FNDA:0,(anonymous_32)
FNDA:0,(anonymous_33)
FNDA:0,(anonymous_34)
FNDA:0,(anonymous_35)
FNDA:0,(anonymous_36)
FNDA:0,(anonymous_37)
FNDA:0,(anonymous_38)
FNDA:0,(anonymous_39)
FNDA:0,(anonymous_40)
FNDA:0,(anonymous_41)
FNDA:0,(anonymous_42)
FNDA:0,(anonymous_43)
DA:9,0
DA:10,0
DA:11,0
DA:16,13
DA:17,0
DA:19,0
DA:20,0
DA:21,0
DA:24,0
DA:25,0
DA:27,0
DA:31,1
DA:32,0
DA:35,1
DA:36,0
DA:37,0
DA:42,0
DA:47,0
DA:48,0
DA:49,0
DA:52,0
DA:54,0
DA:55,0
DA:59,0
DA:60,0
DA:61,0
DA:62,0
DA:64,0
DA:65,0
DA:69,0
DA:74,0
DA:75,0
DA:78,0
DA:84,0
DA:89,0
DA:90,0
DA:91,0
DA:94,0
DA:102,0
DA:104,0
DA:105,0
DA:109,1
DA:110,0
DA:111,0
DA:116,0
DA:117,0
DA:120,0
DA:122,0
DA:134,0
DA:135,0
DA:140,1
DA:143,0
DA:144,0
DA:145,0
DA:147,0
DA:148,0
DA:154,0
DA:155,0
DA:157,0
DA:194,0
DA:195,0
DA:197,0
DA:198,0
DA:207,0
DA:208,0
DA:210,0
DA:212,0
DA:233,0
DA:234,0
DA:236,0
DA:237,0
DA:246,0
DA:247,0
DA:248,0
DA:249,0
DA:250,0
DA:253,0
DA:255,0
DA:268,0
DA:269,0
DA:272,0
DA:275,0
DA:276,0
DA:279,0
DA:281,0
DA:289,0
DA:290,0
DA:291,0
DA:300,0
DA:302,0
DA:303,0
DA:307,0
DA:308,0
DA:309,0
DA:324,0
DA:327,0
DA:328,0
DA:335,0
DA:339,0
DA:340,0
DA:344,0
DA:355,0
DA:361,0
DA:374,0
DA:381,0
DA:383,0
DA:384,0
DA:394,0
DA:395,0
DA:398,0
DA:399,0
DA:400,0
DA:403,0
DA:406,0
DA:407,0
DA:408,0
DA:412,0
DA:427,0
DA:430,0
DA:431,0
DA:438,0
DA:442,0
DA:444,0
DA:445,0
DA:454,0
DA:456,0
DA:468,0
DA:469,0
DA:470,0
DA:483,0
DA:486,0
DA:487,0
DA:493,0
DA:494,0
DA:496,0
DA:498,0
DA:507,0
DA:508,0
DA:518,0
DA:521,0
DA:524,0
DA:525,0
DA:532,9
DA:533,9
DA:534,9
DA:535,9
DA:539,9
DA:540,1
DA:544,8
DA:546,3
DA:550,5
DA:551,5
DA:552,5
DA:553,5
DA:554,0
DA:556,5
DA:557,0
DA:559,5
DA:560,5
DA:561,0
DA:563,5
DA:564,0
DA:570,5
DA:571,0
DA:572,0
DA:573,0
DA:575,0
DA:576,0
DA:578,0
DA:579,0
DA:585,5
DA:586,5
DA:587,1
DA:591,4
DA:592,4
DA:593,1
DA:598,3
DA:599,1
DA:601,2
DA:602,0
DA:627,2
DA:628,2
DA:629,2
DA:631,0
DA:634,0
DA:635,0
DA:639,0
DA:640,0
DA:644,2
DA:645,0
DA:649,2
DA:650,2
DA:651,2
DA:655,2
DA:656,0
DA:660,2
DA:662,2
DA:663,0
DA:667,2
DA:668,0
DA:672,2
DA:673,0
DA:676,2
DA:677,1
DA:680,1
DA:682,0
DA:694,0
DA:695,0
DA:696,0
DA:698,0
DA:699,0
DA:704,1
DA:721,1
DA:722,1
DA:723,1
DA:726,0
DA:727,0
DA:729,0
DA:738,0
DA:739,0
DA:741,0
DA:742,0
DA:743,0
DA:748,0
DA:749,0
DA:751,0
DA:754,0
DA:755,0
DA:756,0
DA:758,0
DA:759,0
DA:760,0
DA:761,0
DA:764,0
DA:765,0
DA:766,0
DA:767,0
DA:770,0
DA:771,0
DA:772,0
DA:773,0
DA:774,0
DA:777,0
DA:778,0
DA:779,0
DA:780,0
DA:783,0
DA:784,0
DA:785,0
DA:786,0
DA:789,0
DA:790,0
DA:791,0
DA:792,0
DA:795,0
DA:796,0
DA:797,0
DA:799,0
DA:803,0
DA:804,0
DA:805,0
DA:806,0
DA:809,0
DA:810,0
DA:811,0
DA:812,0
DA:816,0
DA:817,0
DA:818,0
DA:819,0
DA:822,0
DA:823,0
DA:824,0
DA:825,0
DA:828,0
DA:829,0
DA:830,0
DA:833,0
DA:834,0
DA:835,0
DA:836,0
DA:839,0
DA:842,0
DA:843,0
DA:844,0
DA:845,0
DA:848,0
DA:849,0
DA:850,0
DA:851,0
DA:855,0
DA:856,0
DA:857,0
DA:859,0
DA:860,0
DA:862,0
DA:865,0
DA:866,0
DA:867,0
DA:869,0
DA:870,0
DA:872,0
DA:874,0
DA:876,0
DA:877,0
DA:878,0
DA:883,0
DA:886,0
DA:887,0
DA:888,0
DA:889,0
DA:898,0
DA:901,0
DA:904,0
DA:905,0
DA:906,0
DA:907,0
DA:909,0
DA:910,0
DA:913,0
DA:916,0
DA:931,0
DA:933,0
DA:946,0
DA:953,0
DA:954,0
DA:955,0
DA:961,0
DA:962,0
DA:967,0
DA:968,0
DA:970,0
DA:971,0
DA:974,0
DA:975,0
DA:976,0
DA:977,0
DA:980,0
DA:982,0
DA:983,0
DA:984,0
DA:985,0
DA:989,0
DA:991,0
DA:992,0
DA:993,0
DA:996,0
DA:999,0
DA:1000,0
DA:1001,0
DA:1004,0
DA:1005,0
DA:1006,0
DA:1007,0
DA:1008,0
DA:1012,0
DA:1015,0
DA:1016,0
DA:1024,0
DA:1025,0
DA:1026,0
DA:1027,0
DA:1028,0
DA:1030,0
DA:1031,0
DA:1038,0
DA:1048,0
DA:1049,0
DA:1050,0
DA:1051,0
DA:1052,0
DA:1054,0
DA:1055,0
DA:1063,0
DA:1064,0
DA:1065,0
DA:1070,0
DA:1078,0
DA:1081,0
DA:1082,0
DA:1085,0
DA:1086,0
DA:1102,0
DA:1116,0
DA:1117,0
DA:1118,0
DA:1135,0
DA:1140,0
DA:1141,0
DA:1142,0
DA:1146,0
DA:1147,0
DA:1149,0
DA:1150,0
DA:1151,0
DA:1154,0
DA:1155,0
DA:1156,0
DA:1159,0
DA:1160,0
DA:1161,0
DA:1164,0
DA:1165,0
DA:1166,0
DA:1170,0
DA:1185,0
DA:1190,0
DA:1191,0
DA:1201,0
DA:1208,0
DA:1210,0
DA:1212,0
DA:1223,1
DA:1224,0
DA:1225,0
DA:1226,0
DA:1228,0
DA:1231,1
DA:1232,1
DA:1238,9
DA:1245,0
DA:1246,0
DA:1247,0
DA:1249,0
DA:1267,0
DA:1269,0
DA:1272,0
DA:1274,0
DA:1275,0
DA:1276,0
DA:1280,0
DA:1281,0
DA:1294,0
DA:1295,0
DA:1296,0
DA:1301,0
DA:1302,0
DA:1304,0
DA:1305,0
DA:1306,0
DA:1311,0
DA:1348,0
DA:1349,0
DA:1352,0
DA:1355,0
DA:1356,0
DA:1360,0
DA:1363,0
DA:1364,0
DA:1366,0
DA:1368,0
DA:1370,0
DA:1371,0
DA:1372,0
DA:1375,0
DA:1378,0
DA:1379,0
DA:1380,0
DA:1388,0
DA:1391,0
DA:1394,0
DA:1395,0
DA:1396,0
DA:1397,0
DA:1399,0
DA:1400,0
DA:1403,0
DA:1406,0
DA:1415,0
DA:1417,0
DA:1425,0
DA:1426,0
DA:1431,0
DA:1433,0
DA:1436,0
DA:1437,0
DA:1448,0
DA:1450,0
DA:1451,0
DA:1455,0
DA:1457,0
DA:1459,0
DA:1463,0
DA:1464,0
DA:1465,0
DA:1468,0
DA:1471,0
DA:1472,0
DA:1473,0
DA:1476,0
DA:1477,0
DA:1478,0
DA:1479,0
DA:1483,0
DA:1485,0
DA:1493,0
DA:1494,0
DA:1495,0
DA:1496,0
DA:1498,0
DA:1499,0
DA:1505,0
DA:1514,0
DA:1515,0
DA:1516,0
DA:1517,0
DA:1518,0
DA:1520,0
DA:1521,0
DA:1522,0
DA:1528,0
DA:1529,0
DA:1530,0
DA:1535,0
DA:1543,0
DA:1546,0
DA:1547,0
DA:1550,0
DA:1567,0
DA:1570,0
DA:1572,0
DA:1575,0
DA:1576,0
DA:1577,0
DA:1579,0
DA:1585,0
DA:1586,0
DA:1587,0
DA:1588,0
DA:1590,0
DA:1593,0
DA:1594,0
DA:1600,0
DA:1601,0
DA:1602,0
DA:1604,0
DA:1613,0
DA:1614,0
DA:1615,0
DA:1617,0
DA:1618,0
DA:1620,0
DA:1623,0
DA:1625,0
DA:1626,0
DA:1627,0
DA:1630,0
DA:1633,0
DA:1640,0
DA:1641,0
DA:1642,0
DA:1646,0
DA:1651,0
DA:1654,0
DA:1657,0
DA:1658,0
DA:1665,0
DA:1666,0
DA:1667,0
DA:1675,0
DA:1677,0
DA:1679,0
DA:1682,0
DA:1684,0
DA:1686,0
DA:1687,0
DA:1688,0
DA:1689,0
DA:1691,0
DA:1694,0
DA:1695,0
DA:1697,0
DA:1698,0
DA:1699,0
DA:1701,0
DA:1710,0
DA:1711,0
DA:1712,0
DA:1714,0
DA:1716,0
DA:1719,0
DA:1721,0
DA:1722,0
DA:1723,0
DA:1726,0
DA:1729,0
DA:1730,0
DA:1733,0
DA:1736,0
DA:1737,0
DA:1742,0
DA:1745,0
DA:1748,0
DA:1750,0
DA:1752,0
DA:1754,0
DA:1756,0
DA:1757,0
DA:1758,0
DA:1759,0
DA:1761,0
DA:1764,0
DA:1765,0
DA:1767,0
DA:1768,0
DA:1769,0
DA:1771,0
DA:1780,0
DA:1781,0
DA:1782,0
DA:1784,0
DA:1792,0
DA:1794,0
DA:1795,0
DA:1796,0
DA:1799,0
DA:1802,0
DA:1818,0
DA:1821,0
DA:1822,0
DA:1823,0
DA:1824,0
DA:1826,0
DA:1831,0
DA:1838,0
DA:1839,0
DA:1840,0
DA:1841,0
DA:1843,0
DA:1848,0
DA:1855,0
DA:1860,0
DA:1861,0
DA:1863,0
DA:1864,0
DA:1865,0
DA:1867,0
DA:1870,0
DA:1876,0
DA:1880,0
DA:1883,0
DA:1886,0
DA:1887,0
DA:1888,0
DA:1889,0
DA:1893,0
DA:1897,0
DA:1898,0
DA:1899,0
DA:1900,0
DA:1902,0
DA:1903,0
DA:1907,0
DA:1917,0
DA:1926,0
DA:1931,0
DA:1932,0
DA:1934,0
DA:1935,0
DA:1936,0
DA:1938,0
DA:1939,0
DA:1940,0
DA:1942,0
DA:1950,0
DA:1951,0
DA:1953,0
DA:1955,0
DA:1956,0
DA:1960,0
DA:1975,0
DA:1981,0
DA:1982,0
DA:1988,0
DA:1989,0
DA:1992,0
DA:2005,0
DA:2006,0
DA:2010,0
DA:2012,0
DA:2014,0
DA:2015,0
DA:2020,0
DA:2021,0
DA:2024,0
DA:2025,0
DA:2026,0
DA:2030,0
DA:2032,0
DA:2034,0
DA:2035,0
DA:2040,0
DA:2041,0
DA:2044,0
DA:2045,0
DA:2049,0
DA:2051,0
DA:2053,0
DA:2054,0
DA:2059,0
DA:2060,0
DA:2063,0
DA:2064,0
DA:2068,0
DA:2070,0
DA:2072,0
DA:2073,0
DA:2078,0
DA:2079,0
DA:2082,0
DA:2083,0
DA:2087,0
DA:2089,0
DA:2091,0
DA:2092,0
DA:2097,0
DA:2098,0
DA:2101,0
DA:2102,0
DA:2106,0
DA:2107,0
DA:2110,0
DA:2111,0
DA:2113,0
DA:2114,0
DA:2122,0
DA:2124,0
DA:2127,0
DA:2128,0
DA:2132,0
DA:2133,0
DA:2137,0
DA:2140,0
DA:2143,0
DA:2145,0
DA:2152,0
DA:2153,0
DA:2159,0
DA:2161,0
DA:2162,0
DA:2165,0
DA:2166,0
DA:2167,0
DA:2169,0
DA:2170,0
DA:2173,0
DA:2174,0
DA:2176,0
DA:2177,0
DA:2178,0
DA:2180,0
DA:2186,0
DA:2187,0
DA:2188,0
DA:2189,0
DA:2190,0
DA:2191,0
DA:2192,0
DA:2193,0
DA:2195,0
DA:2197,0
DA:2202,0
DA:2203,0
DA:2204,0
DA:2205,0
DA:2206,0
DA:2207,0
DA:2208,0
DA:2211,0
DA:2215,0
DA:2216,0
DA:2226,0
DA:2228,0
DA:2230,0
DA:2235,0
DA:2236,0
DA:2237,0
DA:2238,0
DA:2239,0
DA:2240,0
DA:2241,0
DA:2244,0
DA:2248,0
DA:2249,0
DA:2259,0
DA:2261,0
DA:2263,0
DA:2271,1
DA:2275,0
DA:2276,0
DA:2277,0
DA:2279,0
DA:2280,0
DA:2283,0
DA:2291,0
DA:2293,0
DA:2295,0
DA:2303,0
DA:2304,0
DA:2305,0
DA:2307,0
DA:2309,0
DA:2312,0
DA:2313,0
DA:2314,0
DA:2315,0
DA:2319,0
DA:2321,0
DA:2322,0
DA:2323,0
DA:2326,0
DA:2329,0
DA:2330,0
DA:2331,0
DA:2339,0
DA:2342,0
DA:2345,0
DA:2346,0
DA:2347,0
DA:2348,0
DA:2350,0
DA:2351,0
DA:2354,0
DA:2357,0
DA:2372,0
DA:2375,0
DA:2382,0
DA:2383,0
DA:2384,0
DA:2390,0
DA:2394,0
DA:2395,0
DA:2398,0
DA:2399,0
DA:2400,0
DA:2403,0
DA:2406,0
DA:2413,0
DA:2415,0
DA:2418,0
DA:2420,0
DA:2422,0
DA:2423,0
DA:2424,0
DA:2425,0
DA:2427,0
DA:2430,0
DA:2431,0
DA:2433,0
DA:2434,0
DA:2435,0
DA:2437,0
DA:2446,0
DA:2447,0
DA:2448,0
DA:2450,0
DA:2458,0
DA:2460,0
DA:2463,0
DA:2465,0
DA:2466,0
DA:2467,0
DA:2470,0
DA:2473,0
DA:2476,0
DA:2477,0
DA:2479,0
DA:2480,0
DA:2481,0
DA:2484,0
DA:2487,0
DA:2490,0
DA:2492,0
DA:2494,0
DA:2495,0
DA:2503,0
DA:2506,0
DA:2509,0
DA:2510,0
DA:2511,0
DA:2512,0
DA:2514,0
DA:2515,0
DA:2518,0
DA:2521,0
DA:2529,0
DA:2532,0
DA:2536,0
DA:2537,0
DA:2540,0
DA:2541,0
DA:2542,0
DA:2545,0
DA:2548,0
DA:2555,0
DA:2557,0
DA:2560,0
DA:2562,0
DA:2564,0
DA:2565,0
DA:2566,0
DA:2567,0
DA:2569,0
DA:2572,0
DA:2573,0
DA:2575,0
DA:2576,0
DA:2577,0
DA:2579,0
DA:2588,0
DA:2589,0
DA:2590,0
DA:2592,0
DA:2594,0
DA:2597,0
DA:2599,0
DA:2600,0
DA:2601,0
DA:2604,0
DA:2607,0
DA:2610,0
DA:2613,0
DA:2617,0
DA:2618,0
DA:2621,0
DA:2622,0
DA:2623,0
DA:2626,0
DA:2629,0
DA:2636,0
DA:2638,0
DA:2640,0
DA:2642,0
DA:2643,0
DA:2644,0
DA:2645,0
DA:2647,0
DA:2650,0
DA:2651,0
DA:2653,0
DA:2654,0
DA:2655,0
DA:2657,0
DA:2665,1
DA:2668,0
DA:2669,0
DA:2672,0
DA:2673,0
DA:2674,0
DA:2678,0
DA:2679,0
DA:2680,0
DA:2684,0
DA:2698,0
DA:2700,0
DA:2701,0
DA:2712,0
DA:2713,0
DA:2714,0
DA:2716,0
DA:2718,0
DA:2721,0
DA:2722,0
DA:2723,0
DA:2724,0
DA:2728,0
DA:2731,0
DA:2732,0
DA:2733,0
DA:2736,0
DA:2739,0
DA:2740,0
DA:2755,0
DA:2758,0
DA:2759,0
DA:2760,0
DA:2762,0
DA:2763,0
DA:2764,0
DA:2765,0
DA:2766,0
DA:2769,0
DA:2776,0
DA:2777,0
DA:2778,0
DA:2780,0
DA:2781,0
DA:2785,0
DA:2786,0
DA:2787,0
DA:2790,0
DA:2806,0
DA:2810,0
DA:2815,0
DA:2819,0
DA:2820,0
DA:2821,0
DA:2824,0
DA:2825,0
DA:2826,0
DA:2830,0
DA:2831,0
DA:2834,0
DA:2835,0
DA:2836,0
DA:2839,0
DA:2846,0
DA:2848,0
DA:2851,0
DA:2853,0
DA:2855,0
DA:2856,0
DA:2857,0
DA:2858,0
DA:2860,0
DA:2863,0
DA:2864,0
DA:2866,0
DA:2867,0
DA:2868,0
DA:2870,0
DA:2879,0
DA:2880,0
DA:2881,0
DA:2883,0
DA:2884,0
DA:2886,0
DA:2889,0
DA:2894,0
DA:2895,0
DA:2896,0
DA:2899,0
DA:2902,0
DA:2906,0
DA:2907,0
DA:2908,0
DA:2911,0
DA:2914,0
DA:2930,0
DA:2933,0
DA:2934,0
DA:2935,0
DA:2937,0
DA:2938,0
DA:2939,0
DA:2940,0
DA:2941,0
DA:2944,0
DA:2951,0
DA:2952,0
DA:2953,0
DA:2955,0
DA:2956,0
DA:2960,0
DA:2961,0
DA:2962,0
DA:2965,0
DA:2983,0
DA:2988,0
DA:2992,0
DA:2993,0
DA:2994,0
DA:2997,0
DA:2998,0
DA:2999,0
DA:3003,0
DA:3004,0
DA:3007,0
DA:3008,0
DA:3009,0
DA:3012,0
DA:3019,0
DA:3021,0
DA:3024,0
DA:3026,0
DA:3028,0
DA:3029,0
DA:3030,0
DA:3031,0
DA:3033,0
DA:3036,0
DA:3037,0
DA:3039,0
DA:3040,0
DA:3041,0
DA:3043,0
DA:3052,0
DA:3053,0
DA:3054,0
DA:3056,0
DA:3058,0
DA:3061,0
DA:3066,0
DA:3067,0
DA:3068,0
DA:3071,0
DA:3074,0
DA:3078,0
DA:3083,0
DA:3087,0
DA:3088,0
DA:3089,0
DA:3092,0
DA:3093,0
DA:3094,0
DA:3098,0
DA:3099,0
DA:3102,0
DA:3103,0
DA:3104,0
DA:3107,0
DA:3114,0
DA:3116,0
DA:3118,0
DA:3120,0
DA:3121,0
DA:3122,0
DA:3123,0
DA:3125,0
DA:3128,0
DA:3129,0
DA:3131,0
DA:3132,0
DA:3133,0
DA:3135,0
LF:1125
LH:56
BRDA:10,0,0,0
BRDA:10,0,1,0
BRDA:16,1,0,13
BRDA:16,1,1,0
BRDA:17,2,0,0
BRDA:17,2,1,0
BRDA:21,3,0,0
BRDA:21,3,1,0
BRDA:27,4,0,0
BRDA:27,4,1,0
BRDA:35,5,0,0
BRDA:47,6,0,0
BRDA:47,6,1,0
BRDA:59,7,0,0
BRDA:59,7,1,0
BRDA:59,8,0,0
BRDA:59,8,1,0
BRDA:61,9,0,0
BRDA:61,9,1,0
BRDA:61,10,0,0
BRDA:61,10,1,0
BRDA:74,11,0,0
BRDA:74,11,1,0
BRDA:74,12,0,0
BRDA:74,12,1,0
BRDA:74,12,2,0
BRDA:89,13,0,0
BRDA:89,13,1,0
BRDA:98,14,0,0
BRDA:98,14,1,0
BRDA:116,15,0,0
BRDA:116,15,1,0
BRDA:249,16,0,0
BRDA:249,16,1,0
BRDA:268,17,0,0
BRDA:268,17,1,0
BRDA:268,18,0,0
BRDA:268,18,1,0
BRDA:275,19,0,0
BRDA:275,19,1,0
BRDA:276,20,0,0
BRDA:276,20,1,0
BRDA:300,21,0,0
BRDA:300,21,1,0
BRDA:324,22,0,0
BRDA:324,22,1,0
BRDA:327,23,0,0
BRDA:327,23,1,0
BRDA:346,24,0,0
BRDA:346,24,1,0
BRDA:346,25,0,0
BRDA:346,25,1,0
BRDA:347,26,0,0
BRDA:347,26,1,0
BRDA:347,27,0,0
BRDA:347,27,1,0
BRDA:348,28,0,0
BRDA:348,28,1,0
BRDA:350,29,0,0
BRDA:350,29,1,0
BRDA:351,30,0,0
BRDA:351,30,1,0
BRDA:356,31,0,0
BRDA:356,31,1,0
BRDA:357,32,0,0
BRDA:357,32,1,0
BRDA:369,33,0,0
BRDA:369,33,1,0
BRDA:370,34,0,0
BRDA:370,34,1,0
BRDA:371,35,0,0
BRDA:371,35,1,0
BRDA:387,36,0,0
BRDA:387,36,1,0
BRDA:399,37,0,0
BRDA:399,37,1,0
BRDA:407,38,0,0
BRDA:407,38,1,0
BRDA:427,39,0,0
BRDA:427,39,1,0
BRDA:430,40,0,0
BRDA:430,40,1,0
BRDA:468,41,0,0
BRDA:468,41,1,0
BRDA:496,42,0,0
BRDA:496,42,1,0
BRDA:507,43,0,0
BRDA:507,43,1,0
BRDA:533,44,0,9
BRDA:533,44,1,1
BRDA:534,45,0,9
BRDA:534,45,1,1
BRDA:535,46,0,9
BRDA:535,46,1,8
BRDA:539,47,0,1
BRDA:539,47,1,8
BRDA:544,48,0,3
BRDA:544,48,1,5
BRDA:544,49,0,8
BRDA:544,49,1,7
BRDA:544,49,2,3
BRDA:544,49,3,2
BRDA:550,50,0,5
BRDA:550,50,1,0
BRDA:550,51,0,5
BRDA:550,51,1,5
BRDA:553,52,0,0
BRDA:553,52,1,5
BRDA:556,53,0,0
BRDA:556,53,1,5
BRDA:560,54,0,0
BRDA:560,54,1,5
BRDA:560,55,0,5
BRDA:560,55,1,5
BRDA:563,56,0,0
BRDA:563,56,1,5
BRDA:570,57,0,0
BRDA:570,57,1,5
BRDA:570,58,0,5
BRDA:570,58,1,5
BRDA:572,59,0,0
BRDA:572,59,1,0
BRDA:575,60,0,0
BRDA:575,60,1,0
BRDA:575,61,0,0
BRDA:575,61,1,0
BRDA:578,62,0,0
BRDA:578,62,1,0
BRDA:586,63,0,1
BRDA:586,63,1,4
BRDA:586,64,0,5
BRDA:586,64,1,5
BRDA:591,65,0,4
BRDA:591,65,1,0
BRDA:591,66,0,4
BRDA:591,66,1,4
BRDA:592,67,0,1
BRDA:592,67,1,3
BRDA:592,68,0,4
BRDA:592,68,1,0
BRDA:598,69,0,1
BRDA:598,69,1,2
BRDA:598,70,0,3
BRDA:598,70,1,3
BRDA:601,71,0,0
BRDA:601,71,1,2
BRDA:629,72,0,0
BRDA:629,72,1,2
BRDA:634,73,0,0
BRDA:634,73,1,0
BRDA:644,74,0,0
BRDA:644,74,1,2
BRDA:644,75,0,2
BRDA:644,75,1,0
BRDA:649,76,0,2
BRDA:649,76,1,0
BRDA:655,77,0,0
BRDA:655,77,1,2
BRDA:655,78,0,2
BRDA:655,78,1,0
BRDA:655,78,2,0
BRDA:662,79,0,0
BRDA:662,79,1,2
BRDA:667,80,0,0
BRDA:667,80,1,2
BRDA:667,81,0,2
BRDA:667,81,1,2
BRDA:672,82,0,0
BRDA:672,82,1,2
BRDA:672,83,0,2
BRDA:672,83,1,2
BRDA:680,84,0,0
BRDA:680,84,1,1
BRDA:694,85,0,0
BRDA:694,85,1,0
BRDA:721,86,0,1
BRDA:721,86,1,0
BRDA:738,87,0,0
BRDA:738,87,1,0
BRDA:741,88,0,0
BRDA:741,88,1,0
BRDA:758,89,0,0
BRDA:758,89,1,0
BRDA:764,90,0,0
BRDA:764,90,1,0
BRDA:767,91,0,0
BRDA:767,91,1,0
BRDA:770,92,0,0
BRDA:770,92,1,0
BRDA:773,93,0,0
BRDA:773,93,1,0
BRDA:777,94,0,0
BRDA:777,94,1,0
BRDA:780,95,0,0
BRDA:780,95,1,0
BRDA:783,96,0,0
BRDA:783,96,1,0
BRDA:786,97,0,0
BRDA:786,97,1,0
BRDA:789,98,0,0
BRDA:789,98,1,0
BRDA:792,99,0,0
BRDA:792,99,1,0
BRDA:795,100,0,0
BRDA:795,100,1,0
BRDA:799,101,0,0
BRDA:799,101,1,0
BRDA:799,102,0,0
BRDA:799,102,1,0
BRDA:803,103,0,0
BRDA:803,103,1,0
BRDA:806,104,0,0
BRDA:806,104,1,0
BRDA:806,105,0,0
BRDA:806,105,1,0
BRDA:809,106,0,0
BRDA:809,106,1,0
BRDA:816,107,0,0
BRDA:816,107,1,0
BRDA:819,108,0,0
BRDA:819,108,1,0
BRDA:822,109,0,0
BRDA:822,109,1,0
BRDA:825,110,0,0
BRDA:825,110,1,0
BRDA:828,111,0,0
BRDA:828,111,1,0
BRDA:834,112,0,0
BRDA:834,112,1,0
BRDA:834,113,0,0
BRDA:834,113,1,0
BRDA:834,114,0,0
BRDA:834,114,1,0
BRDA:836,115,0,0
BRDA:836,115,1,0
BRDA:842,116,0,0
BRDA:842,116,1,0
BRDA:845,117,0,0
BRDA:845,117,1,0
BRDA:848,118,0,0
BRDA:848,118,1,0
BRDA:851,119,0,0
BRDA:851,119,1,0
BRDA:869,120,0,0
BRDA:869,120,1,0
BRDA:869,121,0,0
BRDA:869,121,1,0
BRDA:876,122,0,0
BRDA:876,122,1,0
BRDA:886,123,0,0
BRDA:886,123,1,0
BRDA:887,124,0,0
BRDA:887,124,1,0
BRDA:904,125,0,0
BRDA:904,125,1,0
BRDA:904,125,2,0
BRDA:905,126,0,0
BRDA:905,126,1,0
BRDA:909,127,0,0
BRDA:909,127,1,0
BRDA:953,128,0,0
BRDA:953,128,1,0
BRDA:970,129,0,0
BRDA:970,129,1,0
BRDA:970,130,0,0
BRDA:970,130,1,0
BRDA:975,131,0,0
BRDA:975,131,1,0
BRDA:983,132,0,0
BRDA:983,132,1,0
BRDA:991,133,0,0
BRDA:991,133,1,0
BRDA:1004,134,0,0
BRDA:1004,134,1,0
BRDA:1005,135,0,0
BRDA:1005,135,1,0
BRDA:1006,136,0,0
BRDA:1006,136,1,0
BRDA:1007,137,0,0
BRDA:1007,137,1,0
BRDA:1015,138,0,0
BRDA:1015,138,1,0
BRDA:1015,139,0,0
BRDA:1015,139,1,0
BRDA:1024,140,0,0
BRDA:1024,140,1,0
BRDA:1048,141,0,0
BRDA:1048,141,1,0
BRDA:1063,142,0,0
BRDA:1063,142,1,0
BRDA:1078,143,0,0
BRDA:1078,143,1,0
BRDA:1081,144,0,0
BRDA:1081,144,1,0
BRDA:1081,144,2,0
BRDA:1149,145,0,0
BRDA:1149,145,1,0
BRDA:1154,146,0,0
BRDA:1154,146,1,0
BRDA:1159,147,0,0
BRDA:1159,147,1,0
BRDA:1164,148,0,0
BRDA:1164,148,1,0
BRDA:1185,149,0,0
BRDA:1185,149,1,0
BRDA:1186,150,0,0
BRDA:1186,150,1,0
BRDA:1186,150,2,0
BRDA:1186,150,3,0
BRDA:1186,150,4,0
BRDA:1216,151,0,0
BRDA:1216,151,1,0
BRDA:1220,152,0,0
BRDA:1220,152,1,0
BRDA:1223,153,0,0
BRDA:1223,153,1,1
BRDA:1235,154,0,0
BRDA:1235,154,1,1
BRDA:1238,155,0,1
BRDA:1238,155,1,8
BRDA:1274,156,0,0
BRDA:1274,156,1,0
BRDA:1280,157,0,0
BRDA:1280,157,1,0
BRDA:1294,158,0,0
BRDA:1294,158,1,0
BRDA:1301,159,0,0
BRDA:1301,159,1,0
BRDA:1304,160,0,0
BRDA:1304,160,1,0
BRDA:1348,161,0,0
BRDA:1348,161,1,0
BRDA:1370,162,0,0
BRDA:1370,162,1,0
BRDA:1378,163,0,0
BRDA:1378,163,1,0
BRDA:1378,164,0,0
BRDA:1378,164,1,0
BRDA:1394,165,0,0
BRDA:1394,165,1,0
BRDA:1394,165,2,0
BRDA:1395,166,0,0
BRDA:1395,166,1,0
BRDA:1399,167,0,0
BRDA:1399,167,1,0
BRDA:1431,168,0,0
BRDA:1431,168,1,0
BRDA:1448,169,0,0
BRDA:1448,169,1,0
BRDA:1450,170,0,0
BRDA:1450,170,1,0
BRDA:1463,171,0,0
BRDA:1463,171,1,0
BRDA:1471,172,0,0
BRDA:1471,172,1,0
BRDA:1472,173,0,0
BRDA:1472,173,1,0
BRDA:1473,174,0,0
BRDA:1473,174,1,0
BRDA:1476,175,0,0
BRDA:1476,175,1,0
BRDA:1477,176,0,0
BRDA:1477,176,1,0
BRDA:1478,177,0,0
BRDA:1478,177,1,0
BRDA:1479,178,0,0
BRDA:1479,178,1,0
BRDA:1483,179,0,0
BRDA:1483,179,1,0
BRDA:1483,180,0,0
BRDA:1483,180,1,0
BRDA:1493,181,0,0
BRDA:1493,181,1,0
BRDA:1514,182,0,0
BRDA:1514,182,1,0
BRDA:1520,183,0,0
BRDA:1520,183,1,0
BRDA:1521,184,0,0
BRDA:1521,184,1,0
BRDA:1522,185,0,0
BRDA:1522,185,1,0
BRDA:1528,186,0,0
BRDA:1528,186,1,0
BRDA:1543,187,0,0
BRDA:1543,187,1,0
BRDA:1546,188,0,0
BRDA:1546,188,1,0
BRDA:1546,188,2,0
BRDA:1585,189,0,0
BRDA:1585,189,1,0
BRDA:1597,190,0,0
BRDA:1597,190,1,0
BRDA:1600,191,0,0
BRDA:1600,191,1,0
BRDA:1625,192,0,0
BRDA:1625,192,1,0
BRDA:1640,193,0,0
BRDA:1640,193,1,0
BRDA:1646,194,0,0
BRDA:1646,194,1,0
BRDA:1647,195,0,0
BRDA:1647,195,1,0
BRDA:1647,195,2,0
BRDA:1647,195,3,0
BRDA:1665,196,0,0
BRDA:1665,196,1,0
BRDA:1686,197,0,0
BRDA:1686,197,1,0
BRDA:1697,198,0,0
BRDA:1697,198,1,0
BRDA:1721,199,0,0
BRDA:1721,199,1,0
BRDA:1729,200,0,0
BRDA:1729,200,1,0
BRDA:1756,201,0,0
BRDA:1756,201,1,0
BRDA:1767,202,0,0
BRDA:1767,202,1,0
BRDA:1784,203,0,0
BRDA:1784,204,0,0
BRDA:1784,205,0,0
BRDA:1787,206,0,0
BRDA:1788,207,0,0
BRDA:1789,208,0,0
BRDA:1790,209,0,0
BRDA:1791,210,0,0
BRDA:1794,211,0,0
BRDA:1794,211,1,0
BRDA:1794,211,2,0
BRDA:1795,212,0,0
BRDA:1795,212,1,0
BRDA:1795,212,2,0
BRDA:1815,213,0,0
BRDA:1815,213,1,0
BRDA:1815,213,2,0
BRDA:1816,214,0,0
BRDA:1816,214,1,0
BRDA:1823,215,0,0
BRDA:1823,215,1,0
BRDA:1840,216,0,0
BRDA:1840,216,1,0
BRDA:1864,217,0,0
BRDA:1864,217,1,0
BRDA:1865,218,0,0
BRDA:1865,218,1,0
BRDA:1865,219,0,0
BRDA:1865,219,1,0
BRDA:1878,220,0,0
BRDA:1878,220,1,0
BRDA:1880,221,0,0
BRDA:1880,221,1,0
BRDA:1887,222,0,0
BRDA:1887,222,1,0
BRDA:1887,223,0,0
BRDA:1887,223,1,0
BRDA:1889,224,0,0
BRDA:1889,224,1,0
BRDA:1890,225,0,0
BRDA:1890,225,1,0
BRDA:1899,226,0,0
BRDA:1899,226,1,0
BRDA:1902,227,0,0
BRDA:1902,227,1,0
BRDA:1912,228,0,0
BRDA:1912,228,1,0
BRDA:1917,229,0,0
BRDA:1917,229,1,0
BRDA:1920,230,0,0
BRDA:1920,230,1,0
BRDA:1920,231,0,0
BRDA:1920,231,1,0
BRDA:1920,232,0,0
BRDA:1920,232,1,0
BRDA:1923,233,0,0
BRDA:1923,233,1,0
BRDA:1923,234,0,0
BRDA:1923,234,1,0
BRDA:1923,235,0,0
BRDA:1923,235,1,0
BRDA:1924,236,0,0
BRDA:1924,236,1,0
BRDA:1934,237,0,0
BRDA:1934,237,1,0
BRDA:1938,238,0,0
BRDA:1938,238,1,0
BRDA:1955,239,0,0
BRDA:1955,239,1,0
BRDA:2005,240,0,0
BRDA:2005,240,1,0
BRDA:2025,241,0,0
BRDA:2025,241,1,0
BRDA:2044,242,0,0
BRDA:2044,242,1,0
BRDA:2044,243,0,0
BRDA:2044,243,1,0
BRDA:2063,244,0,0
BRDA:2063,244,1,0
BRDA:2063,245,0,0
BRDA:2063,245,1,0
BRDA:2063,245,2,0
BRDA:2082,246,0,0
BRDA:2082,246,1,0
BRDA:2082,247,0,0
BRDA:2082,247,1,0
BRDA:2101,248,0,0
BRDA:2101,248,1,0
BRDA:2106,249,0,0
BRDA:2106,249,1,0
BRDA:2110,250,0,0
BRDA:2110,250,1,0
BRDA:2127,251,0,0
BRDA:2127,251,1,0
BRDA:2127,252,0,0
BRDA:2127,252,1,0
BRDA:2132,253,0,0
BRDA:2132,253,1,0
BRDA:2161,254,0,0
BRDA:2161,254,1,0
BRDA:2161,255,0,0
BRDA:2161,255,1,0
BRDA:2190,256,0,0
BRDA:2190,256,1,0
BRDA:2191,257,0,0
BRDA:2191,257,1,0
BRDA:2206,258,0,0
BRDA:2206,258,1,0
BRDA:2207,259,0,0
BRDA:2207,259,1,0
BRDA:2215,260,0,0
BRDA:2215,260,1,0
BRDA:2239,261,0,0
BRDA:2239,261,1,0
BRDA:2240,262,0,0
BRDA:2240,262,1,0
BRDA:2248,263,0,0
BRDA:2248,263,1,0
BRDA:2279,264,0,0
BRDA:2279,264,1,0
BRDA:2313,265,0,0
BRDA:2313,265,1,0
BRDA:2321,266,0,0
BRDA:2321,266,1,0
BRDA:2329,267,0,0
BRDA:2329,267,1,0
BRDA:2329,268,0,0
BRDA:2329,268,1,0
BRDA:2345,269,0,0
BRDA:2345,269,1,0
BRDA:2345,269,2,0
BRDA:2346,270,0,0
BRDA:2346,270,1,0
BRDA:2350,271,0,0
BRDA:2350,271,1,0
BRDA:2382,272,0,0
BRDA:2382,272,1,0
BRDA:2422,273,0,0
BRDA:2422,273,1,0
BRDA:2433,274,0,0
BRDA:2433,274,1,0
BRDA:2465,275,0,0
BRDA:2465,275,1,0
BRDA:2476,276,0,0
BRDA:2476,276,1,0
BRDA:2479,277,0,0
BRDA:2479,277,1,0
BRDA:2487,278,0,0
BRDA:2487,278,1,0
BRDA:2490,279,0,0
BRDA:2490,279,1,0
BRDA:2490,280,0,0
BRDA:2490,280,1,0
BRDA:2509,281,0,0
BRDA:2509,281,1,0
BRDA:2514,282,0,0
BRDA:2514,282,1,0
BRDA:2564,283,0,0
BRDA:2564,283,1,0
BRDA:2575,284,0,0
BRDA:2575,284,1,0
BRDA:2599,285,0,0
BRDA:2599,285,1,0
BRDA:2642,286,0,0
BRDA:2642,286,1,0
BRDA:2653,287,0,0
BRDA:2653,287,1,0
BRDA:2673,288,0,0
BRDA:2673,288,1,0
BRDA:2679,289,0,0
BRDA:2679,289,1,0
BRDA:2704,290,0,0
BRDA:2704,290,1,0
BRDA:2722,291,0,0
BRDA:2722,291,1,0
BRDA:2731,292,0,0
BRDA:2731,292,1,0
BRDA:2755,293,0,0
BRDA:2755,293,1,0
BRDA:2758,294,0,0
BRDA:2758,294,1,0
BRDA:2759,295,0,0
BRDA:2759,295,1,0
BRDA:2760,296,0,0
BRDA:2760,296,1,0
BRDA:2762,297,0,0
BRDA:2762,297,1,0
BRDA:2764,298,0,0
BRDA:2764,298,1,0
BRDA:2765,299,0,0
BRDA:2765,299,1,0
BRDA:2765,299,2,0
BRDA:2766,300,0,0
BRDA:2766,300,1,0
BRDA:2766,300,2,0
BRDA:2776,301,0,0
BRDA:2776,301,1,0
BRDA:2785,302,0,0
BRDA:2785,302,1,0
BRDA:2786,303,0,0
BRDA:2786,303,1,0
BRDA:2855,304,0,0
BRDA:2855,304,1,0
BRDA:2866,305,0,0
BRDA:2866,305,1,0
BRDA:2894,306,0,0
BRDA:2894,306,1,0
BRDA:2903,307,0,0
BRDA:2903,307,1,0
BRDA:2906,308,0,0
BRDA:2906,308,1,0
BRDA:2930,309,0,0
BRDA:2930,309,1,0
BRDA:2933,310,0,0
BRDA:2933,310,1,0
BRDA:2934,311,0,0
BRDA:2934,311,1,0
BRDA:2935,312,0,0
BRDA:2935,312,1,0
BRDA:2937,313,0,0
BRDA:2937,313,1,0
BRDA:2939,314,0,0
BRDA:2939,314,1,0
BRDA:2940,315,0,0
BRDA:2940,315,1,0
BRDA:2940,315,2,0
BRDA:2941,316,0,0
BRDA:2941,316,1,0
BRDA:2941,316,2,0
BRDA:2951,317,0,0
BRDA:2951,317,1,0
BRDA:2960,318,0,0
BRDA:2960,318,1,0
BRDA:2961,319,0,0
BRDA:2961,319,1,0
BRDA:2970,320,0,0
BRDA:2970,320,1,0
BRDA:3028,321,0,0
BRDA:3028,321,1,0
BRDA:3039,322,0,0
BRDA:3039,322,1,0
BRDA:3066,323,0,0
BRDA:3066,323,1,0
BRDA:3120,324,0,0
BRDA:3120,324,1,0
BRDA:3131,325,0,0
BRDA:3131,325,1,0
BRF:665
BRH:61
end_of_record
TN:
SF:src\Models\NotificationService\notifications.model.js
FN:6,(anonymous_0)
FN:18,(anonymous_1)
FN:32,(anonymous_2)
FN:100,(anonymous_3)
FN:151,(anonymous_4)
FN:162,(anonymous_5)
FN:173,(anonymous_6)
FN:179,(anonymous_7)
FN:193,(anonymous_8)
FN:208,(anonymous_9)
FN:222,(anonymous_10)
FN:236,(anonymous_11)
FN:247,(anonymous_12)
FN:261,(anonymous_13)
FN:273,(anonymous_14)
FNF:15
FNH:0
FNDA:0,(anonymous_0)
FNDA:0,(anonymous_1)
FNDA:0,(anonymous_2)
FNDA:0,(anonymous_3)
FNDA:0,(anonymous_4)
FNDA:0,(anonymous_5)
FNDA:0,(anonymous_6)
FNDA:0,(anonymous_7)
FNDA:0,(anonymous_8)
FNDA:0,(anonymous_9)
FNDA:0,(anonymous_10)
FNDA:0,(anonymous_11)
FNDA:0,(anonymous_12)
FNDA:0,(anonymous_13)
FNDA:0,(anonymous_14)
DA:4,1
DA:7,0
DA:19,0
DA:28,0
DA:33,0
DA:35,0
DA:53,0
DA:56,0
DA:57,0
DA:64,0
DA:66,0
DA:69,0
DA:70,0
DA:78,0
DA:80,0
DA:83,0
DA:84,0
DA:92,0
DA:94,0
DA:95,0
DA:101,0
DA:102,0
DA:105,0
DA:106,0
DA:107,0
DA:109,0
DA:110,0
DA:111,0
DA:113,0
DA:114,0
DA:115,0
DA:117,0
DA:118,0
DA:119,0
DA:121,0
DA:122,0
DA:123,0
DA:125,0
DA:126,0
DA:127,0
DA:129,0
DA:130,0
DA:131,0
DA:135,0
DA:136,0
DA:140,0
DA:143,0
DA:144,0
DA:146,0
DA:147,0
DA:152,0
DA:158,0
DA:163,0
DA:169,0
DA:174,0
DA:175,0
DA:180,0
DA:194,0
DA:209,0
DA:223,0
DA:237,0
DA:243,0
DA:248,0
DA:249,0
DA:251,0
DA:257,0
DA:262,0
DA:269,0
DA:274,0
DA:282,0
DA:283,0
DA:287,0
LF:72
LH:1
BRDA:44,0,0,0
BRDA:44,0,1,0
BRDA:45,1,0,0
BRDA:45,1,1,0
BRDA:46,2,0,0
BRDA:46,2,1,0
BRDA:47,3,0,0
BRDA:47,3,1,0
BRDA:48,4,0,0
BRDA:48,4,1,0
BRDA:56,5,0,0
BRDA:56,5,1,0
BRDA:64,6,0,0
BRDA:64,6,1,0
BRDA:78,7,0,0
BRDA:78,7,1,0
BRDA:105,8,0,0
BRDA:105,8,1,0
BRDA:109,9,0,0
BRDA:109,9,1,0
BRDA:113,10,0,0
BRDA:113,10,1,0
BRDA:117,11,0,0
BRDA:117,11,1,0
BRDA:121,12,0,0
BRDA:121,12,1,0
BRDA:125,13,0,0
BRDA:125,13,1,0
BRDA:129,14,0,0
BRDA:129,14,1,0
BRDA:135,15,0,0
BRDA:135,15,1,0
BRDA:273,16,0,0
BRDA:282,17,0,0
BRDA:282,17,1,0
BRF:35
BRH:0
end_of_record
TN:
SF:src\Models\SalesService\sales.model.js
FN:7,(anonymous_0)
FN:20,(anonymous_1)
FN:47,(anonymous_2)
FN:97,(anonymous_3)
FN:145,(anonymous_4)
FN:230,(anonymous_5)
FN:243,(anonymous_6)
FN:259,(anonymous_7)
FN:273,(anonymous_8)
FN:300,(anonymous_9)
FN:314,(anonymous_10)
FN:341,(anonymous_11)
FN:355,(anonymous_12)
FN:382,(anonymous_13)
FN:396,(anonymous_14)
FN:423,(anonymous_15)
FN:437,(anonymous_16)
FN:464,(anonymous_17)
FN:480,(anonymous_18)
FN:498,(anonymous_19)
FN:517,(anonymous_20)
FN:531,(anonymous_21)
FN:564,(anonymous_22)
FN:580,(anonymous_23)
FN:598,(anonymous_24)
FN:624,(anonymous_25)
FN:655,(anonymous_26)
FN:670,(anonymous_27)
FN:691,(anonymous_28)
FN:714,(anonymous_29)
FN:743,(anonymous_30)
FN:780,(anonymous_31)
FNF:32
FNH:0
FNDA:0,(anonymous_0)
FNDA:0,(anonymous_1)
FNDA:0,(anonymous_2)
FNDA:0,(anonymous_3)
FNDA:0,(anonymous_4)
FNDA:0,(anonymous_5)
FNDA:0,(anonymous_6)
FNDA:0,(anonymous_7)
FNDA:0,(anonymous_8)
FNDA:0,(anonymous_9)
FNDA:0,(anonymous_10)
FNDA:0,(anonymous_11)
FNDA:0,(anonymous_12)
FNDA:0,(anonymous_13)
FNDA:0,(anonymous_14)
FNDA:0,(anonymous_15)
FNDA:0,(anonymous_16)
FNDA:0,(anonymous_17)
FNDA:0,(anonymous_18)
FNDA:0,(anonymous_19)
FNDA:0,(anonymous_20)
FNDA:0,(anonymous_21)
FNDA:0,(anonymous_22)
FNDA:0,(anonymous_23)
FNDA:0,(anonymous_24)
FNDA:0,(anonymous_25)
FNDA:0,(anonymous_26)
FNDA:0,(anonymous_27)
FNDA:0,(anonymous_28)
FNDA:0,(anonymous_29)
FNDA:0,(anonymous_30)
FNDA:0,(anonymous_31)
DA:5,1
DA:8,0
DA:9,0
DA:20,0
DA:21,0
DA:23,0
DA:41,0
DA:42,0
DA:48,0
DA:49,0
DA:61,0
DA:62,0
DA:65,0
DA:68,0
DA:71,0
DA:91,0
DA:92,0
DA:98,0
DA:99,0
DA:102,0
DA:103,0
DA:104,0
DA:105,0
DA:106,0
DA:111,0
DA:112,0
DA:114,0
DA:136,0
DA:137,0
DA:139,0
DA:140,0
DA:146,0
DA:147,0
DA:150,0
DA:151,0
DA:154,0
DA:155,0
DA:156,0
DA:158,0
DA:159,0
DA:160,0
DA:162,0
DA:163,0
DA:164,0
DA:166,0
DA:167,0
DA:168,0
DA:170,0
DA:171,0
DA:172,0
DA:174,0
DA:175,0
DA:176,0
DA:178,0
DA:179,0
DA:180,0
DA:182,0
DA:183,0
DA:184,0
DA:186,0
DA:187,0
DA:188,0
DA:190,0
DA:191,0
DA:192,0
DA:194,0
DA:195,0
DA:196,0
DA:198,0
DA:199,0
DA:200,0
DA:202,0
DA:203,0
DA:204,0
DA:206,0
DA:207,0
DA:208,0
DA:212,0
DA:215,0
DA:216,0
DA:218,0
DA:219,0
DA:221,0
DA:222,0
DA:224,0
DA:225,0
DA:231,0
DA:232,0
DA:234,0
DA:235,0
DA:237,0
DA:238,0
DA:244,0
DA:246,0
DA:249,0
DA:251,0
DA:253,0
DA:254,0
DA:260,0
DA:261,0
DA:273,0
DA:274,0
DA:276,0
DA:294,0
DA:295,0
DA:301,0
DA:302,0
DA:314,0
DA:315,0
DA:317,0
DA:335,0
DA:336,0
DA:342,0
DA:343,0
DA:355,0
DA:356,0
DA:358,0
DA:376,0
DA:377,0
DA:383,0
DA:384,0
DA:396,0
DA:397,0
DA:399,0
DA:417,0
DA:418,0
DA:424,0
DA:425,0
DA:437,0
DA:438,0
DA:440,0
DA:458,0
DA:459,0
DA:465,0
DA:466,0
DA:468,0
DA:469,0
DA:472,0
DA:474,0
DA:475,0
DA:481,0
DA:482,0
DA:484,0
DA:486,0
DA:487,0
DA:490,0
DA:492,0
DA:493,0
DA:499,0
DA:500,0
DA:506,0
DA:507,0
DA:510,0
DA:512,0
DA:513,0
DA:518,0
DA:520,0
DA:531,0
DA:555,0
DA:556,0
DA:562,1
DA:565,0
DA:566,0
DA:574,0
DA:575,0
DA:581,0
DA:582,0
DA:590,0
DA:592,0
DA:593,0
DA:599,0
DA:600,0
DA:615,0
DA:616,0
DA:618,0
DA:619,0
DA:625,0
DA:626,0
DA:646,0
DA:647,0
DA:649,0
DA:650,0
DA:656,0
DA:657,0
DA:659,0
DA:661,0
DA:662,0
DA:668,1
DA:671,0
DA:672,0
DA:685,0
DA:686,0
DA:692,0
DA:693,0
DA:706,0
DA:708,0
DA:709,0
DA:715,0
DA:716,0
DA:734,0
DA:735,0
DA:737,0
DA:738,0
DA:744,0
DA:745,0
DA:771,0
DA:772,0
DA:774,0
DA:775,0
DA:781,0
DA:782,0
DA:784,0
DA:786,0
DA:787,0
LF:214
LH:3
BRDA:37,0,0,0
BRDA:37,0,1,0
BRDA:61,1,0,0
BRDA:61,1,1,0
BRDA:88,2,0,0
BRDA:88,2,1,0
BRDA:103,3,0,0
BRDA:103,3,1,0
BRDA:105,4,0,0
BRDA:105,4,1,0
BRDA:111,5,0,0
BRDA:111,5,1,0
BRDA:111,6,0,0
BRDA:111,6,1,0
BRDA:112,7,0,0
BRDA:112,7,1,0
BRDA:112,8,0,0
BRDA:112,8,1,0
BRDA:121,9,0,0
BRDA:121,9,1,0
BRDA:122,10,0,0
BRDA:122,10,1,0
BRDA:123,11,0,0
BRDA:123,11,1,0
BRDA:124,12,0,0
BRDA:124,12,1,0
BRDA:125,13,0,0
BRDA:125,13,1,0
BRDA:126,14,0,0
BRDA:126,14,1,0
BRDA:127,15,0,0
BRDA:127,15,1,0
BRDA:128,16,0,0
BRDA:128,16,1,0
BRDA:129,17,0,0
BRDA:129,17,1,0
BRDA:130,18,0,0
BRDA:130,18,1,0
BRDA:154,19,0,0
BRDA:154,19,1,0
BRDA:158,20,0,0
BRDA:158,20,1,0
BRDA:162,21,0,0
BRDA:162,21,1,0
BRDA:166,22,0,0
BRDA:166,22,1,0
BRDA:170,23,0,0
BRDA:170,23,1,0
BRDA:174,24,0,0
BRDA:174,24,1,0
BRDA:178,25,0,0
BRDA:178,25,1,0
BRDA:182,26,0,0
BRDA:182,26,1,0
BRDA:186,27,0,0
BRDA:186,27,1,0
BRDA:190,28,0,0
BRDA:190,28,1,0
BRDA:194,29,0,0
BRDA:194,29,1,0
BRDA:198,30,0,0
BRDA:198,30,1,0
BRDA:202,31,0,0
BRDA:202,31,1,0
BRDA:206,32,0,0
BRDA:206,32,1,0
BRDA:290,33,0,0
BRDA:290,33,1,0
BRDA:331,34,0,0
BRDA:331,34,1,0
BRDA:372,35,0,0
BRDA:372,35,1,0
BRDA:413,36,0,0
BRDA:413,36,1,0
BRDA:454,37,0,0
BRDA:454,37,1,0
BRDA:468,38,0,0
BRDA:468,38,1,0
BRDA:482,39,0,0
BRDA:482,39,1,0
BRDA:486,40,0,0
BRDA:486,40,1,0
BRDA:506,41,0,0
BRDA:506,41,1,0
BRDA:532,42,0,0
BRDA:532,42,1,0
BRDA:533,43,0,0
BRDA:533,43,1,0
BRDA:590,44,0,0
BRDA:590,44,1,0
BRDA:706,45,0,0
BRDA:706,45,1,0
BRDA:729,46,0,0
BRDA:729,46,1,0
BRDA:730,47,0,0
BRDA:730,47,1,0
BRDA:765,48,0,0
BRDA:765,48,1,0
BRDA:766,49,0,0
BRDA:766,49,1,0
BRF:100
BRH:0
end_of_record
